$ wget http://central.maven.org/maven2/io/swagger/swagger-codegen-cli/2.3.0/swagger-codegen-cli-2.3.0.jar -O swagger-codegen-cli.jar
$ java -jar swagger-codegen-cli.jar help

$ java -jar swagger-codegen-cli.jar generate -i swagger.yaml -l python -o codegen-python-client
[main] INFO io.swagger.parser.Swagger20Parser - reading from swagger.yaml
[main] WARN io.swagger.codegen.ignore.CodegenIgnoreProcessor - Output directory does not exist, or is inaccessible. No file (.swagger-codegen-ignore) will be evaluated.
[main] INFO io.swagger.codegen.AbstractGenerator - writing file D:\github.com\swagger-guide\codegen-python-client\swagger_client\models\list_user_response.py
[main] INFO io.swagger.codegen.AbstractGenerator - writing file D:\github.com\swagger-guide\codegen-python-client\test\test_list_user_response.py
[main] INFO io.swagger.codegen.AbstractGenerator - writing file D:\github.com\swagger-guide\codegen-python-client\docs\\ListUserResponse.md
[main] INFO io.swagger.codegen.AbstractGenerator - writing file D:\github.com\swagger-guide\codegen-python-client\swagger_client\models\user.py
[main] INFO io.swagger.codegen.AbstractGenerator - writing file D:\github.com\swagger-guide\codegen-python-client\test\test_user.py
[main] INFO io.swagger.codegen.AbstractGenerator - writing file D:\github.com\swagger-guide\codegen-python-client\docs\\User.md
[main] INFO io.swagger.codegen.AbstractGenerator - writing file D:\github.com\swagger-guide\codegen-python-client\swagger_client\api\user_api.py
[main] INFO io.swagger.codegen.AbstractGenerator - writing file D:\github.com\swagger-guide\codegen-python-client\test\test_user_api.py
[main] INFO io.swagger.codegen.AbstractGenerator - writing file D:\github.com\swagger-guide\codegen-python-client\docs\UserApi.md
[main] INFO io.swagger.codegen.AbstractGenerator - writing file D:\github.com\swagger-guide\codegen-python-client\README.md
[main] INFO io.swagger.codegen.AbstractGenerator - writing file D:\github.com\swagger-guide\codegen-python-client\tox.ini
[main] INFO io.swagger.codegen.AbstractGenerator - writing file D:\github.com\swagger-guide\codegen-python-client\test-requirements.txt
[main] INFO io.swagger.codegen.AbstractGenerator - writing file D:\github.com\swagger-guide\codegen-python-client\requirements.txt
[main] INFO io.swagger.codegen.AbstractGenerator - writing file D:\github.com\swagger-guide\codegen-python-client\swagger_client\configuration.py
[main] INFO io.swagger.codegen.AbstractGenerator - writing file D:\github.com\swagger-guide\codegen-python-client\swagger_client\__init__.py
[main] INFO io.swagger.codegen.AbstractGenerator - writing file D:\github.com\swagger-guide\codegen-python-client\swagger_client\models\__init__.py
[main] INFO io.swagger.codegen.AbstractGenerator - writing file D:\github.com\swagger-guide\codegen-python-client\swagger_client\api\__init__.py
[main] INFO io.swagger.codegen.AbstractGenerator - writing file D:\github.com\swagger-guide\codegen-python-client\test\__init__.py
[main] INFO io.swagger.codegen.AbstractGenerator - writing file D:\github.com\swagger-guide\codegen-python-client\git_push.sh
[main] INFO io.swagger.codegen.AbstractGenerator - writing file D:\github.com\swagger-guide\codegen-python-client\.gitignore
[main] INFO io.swagger.codegen.AbstractGenerator - writing file D:\github.com\swagger-guide\codegen-python-client\.travis.yml
[main] INFO io.swagger.codegen.AbstractGenerator - writing file D:\github.com\swagger-guide\codegen-python-client\setup.py
[main] INFO io.swagger.codegen.AbstractGenerator - writing file D:\github.com\swagger-guide\codegen-python-client\swagger_client\api_client.py
[main] INFO io.swagger.codegen.AbstractGenerator - writing file D:\github.com\swagger-guide\codegen-python-client\swagger_client\rest.py
[main] INFO io.swagger.codegen.AbstractGenerator - writing file D:\github.com\swagger-guide\codegen-python-client\.swagger-codegen-ignore
[main] INFO io.swagger.codegen.AbstractGenerator - writing file D:\github.com\swagger-guide\codegen-python-client\.swagger-codegen\VERSION

$ java -jar swagger-codegen-cli.jar generate -i swagger.yaml -l java -o codegen-java-client
[main] INFO io.swagger.parser.Swagger20Parser - reading from swagger.yaml
[main] WARN io.swagger.codegen.ignore.CodegenIgnoreProcessor - Output directory does not exist, or is inaccessible. No file (.swagger-codegen-ignore) will be evaluated.
[main] INFO io.swagger.codegen.AbstractGenerator - writing file D:\github.com\swagger-guide\codegen-java-client\src\main\java\io\swagger\client\model\ListUserResponse.java
[main] INFO io.swagger.codegen.AbstractGenerator - writing file D:\github.com\swagger-guide\codegen-java-client\docs\\ListUserResponse.md
[main] INFO io.swagger.codegen.AbstractGenerator - writing file D:\github.com\swagger-guide\codegen-java-client\src\main\java\io\swagger\client\model\User.java
[main] INFO io.swagger.codegen.AbstractGenerator - writing file D:\github.com\swagger-guide\codegen-java-client\docs\\User.md
[main] INFO io.swagger.codegen.AbstractGenerator - writing file D:\github.com\swagger-guide\codegen-java-client\src\main\java\io\swagger\client\api\UserApi.java
[main] INFO io.swagger.codegen.AbstractGenerator - writing file D:\github.com\swagger-guide\codegen-java-client\src\test\java\io\swagger\client\api\UserApiTest.java
[main] INFO io.swagger.codegen.AbstractGenerator - writing file D:\github.com\swagger-guide\codegen-java-client\docs\\UserApi.md
[main] INFO io.swagger.codegen.AbstractGenerator - writing file D:\github.com\swagger-guide\codegen-java-client\pom.xml
[main] INFO io.swagger.codegen.AbstractGenerator - writing file D:\github.com\swagger-guide\codegen-java-client\README.md
[main] INFO io.swagger.codegen.AbstractGenerator - writing file D:\github.com\swagger-guide\codegen-java-client\build.gradle
[main] INFO io.swagger.codegen.AbstractGenerator - writing file D:\github.com\swagger-guide\codegen-java-client\build.sbt
[main] INFO io.swagger.codegen.AbstractGenerator - writing file D:\github.com\swagger-guide\codegen-java-client\settings.gradle
[main] INFO io.swagger.codegen.AbstractGenerator - writing file D:\github.com\swagger-guide\codegen-java-client\gradle.properties
[main] INFO io.swagger.codegen.AbstractGenerator - writing file D:\github.com\swagger-guide\codegen-java-client\src\main\AndroidManifest.xml
[main] INFO io.swagger.codegen.AbstractGenerator - writing file D:\github.com\swagger-guide\codegen-java-client\.travis.yml
[main] INFO io.swagger.codegen.AbstractGenerator - writing file D:\github.com\swagger-guide\codegen-java-client\src\main\java/io/swagger/client\ApiClient.java
[main] INFO io.swagger.codegen.AbstractGenerator - writing file D:\github.com\swagger-guide\codegen-java-client\src\main\java/io/swagger/client\StringUtil.java
[main] INFO io.swagger.codegen.AbstractGenerator - writing file D:\github.com\swagger-guide\codegen-java-client\src\main\java/io/swagger/client/auth\HttpBasicAuth.java
[main] INFO io.swagger.codegen.AbstractGenerator - writing file D:\github.com\swagger-guide\codegen-java-client\src\main\java/io/swagger/client/auth\ApiKeyAuth.java
[main] INFO io.swagger.codegen.AbstractGenerator - writing file D:\github.com\swagger-guide\codegen-java-client\src\main\java/io/swagger/client/auth\OAuth.java
[main] INFO io.swagger.codegen.AbstractGenerator - writing file D:\github.com\swagger-guide\codegen-java-client\src\main\java/io/swagger/client/auth\OAuthFlow.java
[main] INFO io.swagger.codegen.AbstractGenerator - writing file D:\github.com\swagger-guide\codegen-java-client\gradlew
[main] INFO io.swagger.codegen.AbstractGenerator - writing file D:\github.com\swagger-guide\codegen-java-client\gradlew.bat
[main] INFO io.swagger.codegen.AbstractGenerator - writing file D:\github.com\swagger-guide\codegen-java-client\gradle\wrapper\gradle-wrapper.properties
[main] INFO io.swagger.codegen.DefaultGenerator - writing file D:\github.com\swagger-guide\codegen-java-client\gradle\wrapper\gradle-wrapper.jar
[main] INFO io.swagger.codegen.AbstractGenerator - writing file D:\github.com\swagger-guide\codegen-java-client\git_push.sh
[main] INFO io.swagger.codegen.AbstractGenerator - writing file D:\github.com\swagger-guide\codegen-java-client\.gitignore
[main] INFO io.swagger.codegen.AbstractGenerator - writing file D:\github.com\swagger-guide\codegen-java-client\src\main\java/io/swagger/client\ApiException.java
[main] INFO io.swagger.codegen.AbstractGenerator - writing file D:\github.com\swagger-guide\codegen-java-client\src\main\java/io/swagger/client\Configuration.java
[main] INFO io.swagger.codegen.AbstractGenerator - writing file D:\github.com\swagger-guide\codegen-java-client\src\main\java/io/swagger/client\Pair.java
[main] INFO io.swagger.codegen.AbstractGenerator - writing file D:\github.com\swagger-guide\codegen-java-client\src\main\java/io/swagger/client/auth\Authentication.java
[main] INFO io.swagger.codegen.AbstractGenerator - writing file D:\github.com\swagger-guide\codegen-java-client\src\main\java/io/swagger/client\ApiCallback.java
[main] INFO io.swagger.codegen.AbstractGenerator - writing file D:\github.com\swagger-guide\codegen-java-client\src\main\java/io/swagger/client\ApiResponse.java
[main] INFO io.swagger.codegen.AbstractGenerator - writing file D:\github.com\swagger-guide\codegen-java-client\src\main\java/io/swagger/client\JSON.java
[main] INFO io.swagger.codegen.AbstractGenerator - writing file D:\github.com\swagger-guide\codegen-java-client\src\main\java/io/swagger/client\ProgressRequestBody.java
[main] INFO io.swagger.codegen.AbstractGenerator - writing file D:\github.com\swagger-guide\codegen-java-client\src\main\java/io/swagger/client\ProgressResponseBody.java
[main] INFO io.swagger.codegen.AbstractGenerator - writing file D:\github.com\swagger-guide\codegen-java-client\src\main\java/io/swagger/client\GzipRequestInterceptor.java
[main] INFO io.swagger.codegen.AbstractGenerator - writing file D:\github.com\swagger-guide\codegen-java-client\.swagger-codegen-ignore
[main] INFO io.swagger.codegen.AbstractGenerator - writing file D:\github.com\swagger-guide\codegen-java-client\.swagger-codegen\VERSION

$ java -jar swagger-codegen-cli.jar generate -i swagger.yaml -l go -o codegen-go-client
[main] INFO io.swagger.parser.Swagger20Parser - reading from swagger.yaml
[main] WARN io.swagger.codegen.ignore.CodegenIgnoreProcessor - Output directory does not exist, or is inaccessible. No file (.swagger-codegen-ignore) will be evaluated.
[main] INFO io.swagger.codegen.AbstractGenerator - writing file D:\github.com\swagger-guide\codegen-go-client\\list_user_response.go
[main] INFO io.swagger.codegen.AbstractGenerator - writing file D:\github.com\swagger-guide\codegen-go-client\docs\\ListUserResponse.md
[main] INFO io.swagger.codegen.AbstractGenerator - writing file D:\github.com\swagger-guide\codegen-go-client\\user.go
[main] INFO io.swagger.codegen.AbstractGenerator - writing file D:\github.com\swagger-guide\codegen-go-client\docs\\User.md
[main] INFO io.swagger.codegen.AbstractGenerator - writing file D:\github.com\swagger-guide\codegen-go-client\\user_api.go
[main] INFO io.swagger.codegen.AbstractGenerator - writing file D:\github.com\swagger-guide\codegen-go-client\docs\\UserApi.md
[main] INFO io.swagger.codegen.AbstractGenerator - writing file D:\github.com\swagger-guide\codegen-go-client\README.md
[main] INFO io.swagger.codegen.AbstractGenerator - writing file D:\github.com\swagger-guide\codegen-go-client\git_push.sh
[main] INFO io.swagger.codegen.AbstractGenerator - writing file D:\github.com\swagger-guide\codegen-go-client\.gitignore
[main] INFO io.swagger.codegen.AbstractGenerator - writing file D:\github.com\swagger-guide\codegen-go-client\configuration.go
[main] INFO io.swagger.codegen.AbstractGenerator - writing file D:\github.com\swagger-guide\codegen-go-client\api_client.go
[main] INFO io.swagger.codegen.AbstractGenerator - writing file D:\github.com\swagger-guide\codegen-go-client\api_response.go
[main] INFO io.swagger.codegen.DefaultGenerator - writing file D:\github.com\swagger-guide\codegen-go-client\.travis.yml
[main] INFO io.swagger.codegen.AbstractGenerator - writing file D:\github.com\swagger-guide\codegen-go-client\.swagger-codegen-ignore
[main] INFO io.swagger.codegen.AbstractGenerator - writing file D:\github.com\swagger-guide\codegen-go-client\.swagger-codegen\VERSION
